57100.636190999998 6e-06 0.03529942233 0 1 2
57100.636170999998 4.5e-05 0.03529998042 0 1 2
57100.636215999999 4.5e-05 0.0352987972 0 1 2
57100.636261 4.5e-05 0.03529756162 0 1 2
57100.636306 4.5e-05 0.03529607039 0 1 2
57100.636350000001 4.5e-05 0.03529439963 0 1 2
57100.636395000001 4.5e-05 0.03529274283 0 1 2
57100.636440000002 4.5e-05 0.03529119646 0 1 2
57100.636485000003 4.5e-05 0.03528961003 0 1 2
57100.636529000003 4.5e-05 0.03528804375 0 1 2
57100.636573999996 4.5e-05 0.0352863796 0 1 2
57100.636618999997 4.5e-05 0.03528484073 0 1 2
57100.636663999998 4.5e-05 0.03528361453 0 1 2
57100.636707999998 4.5e-05 0.03528268688 0 1 2
57100.636752999999 4.5e-05 0.03528188864 0 1 2
57100.636798 4.5e-05 0.03528102262 0 1 2
57100.636843 4.5e-05 0.03527995443 0 1 2
57100.636887000001 4.5e-05 0.035278715 0 1 2
57100.636932000001 4.5e-05 0.0352773389 0 1 2
57100.636977000002 4.5e-05 0.03527590419 0 1 2
57100.637022000003 4.5e-05 0.03527455249 0 1 2
57100.637066000003 4.5e-05 0.0352732959 0 1 2
57100.637110999996 4.5e-05 0.0352719887 0 1 2
57100.637155999997 4.5e-05 0.03527068432 0 1 2
57100.637200999998 4.5e-05 0.0352692857 0 1 2
57100.637244999998 4.5e-05 0.03526791527 0 1 2
57100.637289999999 4.5e-05 0.03526666562 0 1 2
57100.637334999999 4.5e-05 0.03526560627 0 1 2
57100.63738 4.5e-05 0.03526468215 0 1 2
57100.637424 4.5e-05 0.03526375472 0 1 2
57100.637469000001 4.5e-05 0.03526269182 0 1 2
57100.637514000002 4.5e-05 0.03526139697 0 1 2
57100.637559000003 4.5e-05 0.03525989174 0 1 2
57100.637603000003 4.5e-05 0.03525824776 0 1 2
57100.637648000004 4.5e-05 0.03525658467 0 1 2
57100.637692999997 4.5e-05 0.03525513251 0 1 2
57100.637737999998 4.5e-05 0.03525378651 0 1 2
57100.637781999998 4.5e-05 0.03525251311 0 1 2
57100.637826999999 4.5e-05 0.03525122625 0 1 2
57100.637871999999 4.5e-05 0.03525002512 0 1 2
57100.637917 4.5e-05 0.03524910633 0 1 2
57100.637961 4.5e-05 0.03524846754 0 1 2
57100.638006000001 4.5e-05 0.03524801784 0 1 2
57100.638051000002 4.5e-05 0.03524760239 0 1 2
57100.638096000002 4.5e-05 0.03524707164 0 1 2
57100.638140000003 4.5e-05 0.03524636714 0 1 2
57100.638185000003 4.5e-05 0.03524545225 0 1 2
57100.638229999997 4.5e-05 0.03524436078 0 1 2
57100.638274999998 4.5e-05 0.03524321094 0 1 2
57100.638318999998 4.5e-05 0.03524211258 0 1 2
57100.638363999999 4.5e-05 0.03524082555 0 1 2
57100.638408999999 4.5e-05 0.03523934341 0 1 2
57100.638454 4.5e-05 0.03523783406 0 1 2
57100.638498 4.5e-05 0.03523637747 0 1 2
57100.638543000001 4.5e-05 0.03523481012 0 1 2
57100.638588000002 4.5e-05 0.03523356693 0 1 2
57100.638633000002 4.5e-05 0.03523276336 0 1 2
57100.638677000003 4.5e-05 0.03523208201 0 1 2
57100.638722000003 4.5e-05 0.03523137084 0 1 2
57100.638766999997 4.5e-05 0.03523060862 0 1 2
57100.638811999997 4.5e-05 0.03522984019 0 1 2
57100.638855999998 4.5e-05 0.03522890793 0 1 2
57100.638900999998 4.5e-05 0.03522786769 0 1 2
57100.638945999999 4.5e-05 0.03522697785 0 1 2
57100.638991 4.5e-05 0.03522619806 0 1 2
57100.639035 4.5e-05 0.03522543951 0 1 2
57100.639080000001 4.5e-05 0.03522454359 0 1 2
57100.639125000002 4.5e-05 0.03522350363 0 1 2
57100.639170000002 4.5e-05 0.03522235125 0 1 2
57100.639214000003 4.5e-05 0.0352214157 0 1 2
57100.639259000003 4.5e-05 0.03522064809 0 1 2
57100.639303999997 4.5e-05 0.03521988175 0 1 2
57100.639348999997 4.5e-05 0.03521939471 0 1 2
57100.639392999998 4.5e-05 0.03521913299 0 1 2
57100.639437999998 4.5e-05 0.0352187946 0 1 2
57100.639482999999 4.5e-05 0.03521827834 0 1 2
57100.639528 4.5e-05 0.03521758975 0 1 2
57100.639572 4.5e-05 0.03521671766 0 1 2
57100.639617000001 4.5e-05 0.03521563454 0 1 2
57100.639662000001 4.5e-05 0.03521438987 0 1 2
57100.639707000002 4.5e-05 0.03521305364 0 1 2
57100.639752000003 4.5e-05 0.03521176656 0 1 2
57100.639796000003 4.5e-05 0.03521070647 0 1 2
57100.639840999997 4.5e-05 0.03520996 0 1 2
57100.639885999997 4.5e-05 0.03520946079 0 1 2
57100.639930999998 4.5e-05 0.03520886175 0 1 2
57100.639974999998 4.5e-05 0.03520810277 0 1 2
57100.640019999999 4.5e-05 0.03520747071 0 1 2
57100.640065 4.5e-05 0.03520693958 0 1 2
57100.64011 4.5e-05 0.03520641412 0 1 2
57100.640154000001 4.5e-05 0.03520586017 0 1 2
57100.640199000001 4.5e-05 0.03520522019 0 1 2
57100.640244000002 4.5e-05 0.03520457484 0 1 2
57100.640289000003 4.5e-05 0.03520393333 0 1 2
57100.640333000003 4.5e-05 0.03520324496 0 1 2
57100.640377999996 4.5e-05 0.03520258359 0 1 2
57100.640422999997 4.5e-05 0.03520208384 0 1 2
57100.640467999998 4.5e-05 0.03520159601 0 1 2
57100.640511999998 4.5e-05 0.0352010005 0 1 2
57100.640556999999 4.5e-05 0.03520035983 0 1 2
57100.640601999999 4.5e-05 0.03519977562 0 1 2
57100.640647 4.5e-05 0.03519917349 0 1 2
57100.640691000001 4.5e-05 0.03519856292 0 1 2
57100.640736000001 4.5e-05 0.03519804495 0 1 2
57100.640781000002 4.5e-05 0.0351975813 0 1 2
57100.640826000003 4.5e-05 0.0351970448 0 1 2
57100.640870000003 4.5e-05 0.03519657258 0 1 2
57100.640915000004 4.5e-05 0.03519614001 0 1 2
57100.640959999997 4.5e-05 0.03519563037 0 1 2
57100.641004999998 4.5e-05 0.03519503517 0 1 2
57100.641048999998 4.5e-05 0.03519453218 0 1 2
57100.641093999999 4.5e-05 0.03519406238 0 1 2
57100.641138999999 4.5e-05 0.03519353885 0 1 2
57100.641184 4.5e-05 0.03519308529 0 1 2
57100.641228 4.5e-05 0.03519269318 0 1 2
57100.641273000001 4.5e-05 0.03519229639 0 1 2
57100.641318000002 4.5e-05 0.03519186313 0 1 2
57100.641363000002 4.5e-05 0.03519146287 0 1 2
57100.641407000003 4.5e-05 0.03519111386 0 1 2
57100.641452000003 4.5e-05 0.03519068862 0 1 2
57100.641496999997 4.5e-05 0.03519031274 0 1 2
57100.641541999998 4.5e-05 0.03519003018 0 1 2
57100.641585999998 4.5e-05 0.03518970196 0 1 2
57100.641630999999 4.5e-05 0.03518926091 0 1 2
57100.641675999999 4.5e-05 0.03518887622 0 1 2
57100.641721 4.5e-05 0.03518859545 0 1 2
57100.641765 4.5e-05 0.03518824751 0 1 2
57100.641810000001 4.5e-05 0.03508708564 0 1 2
57100.641855000002 4.5e-05 0.03397685551 0 1 2
57100.641900000002 4.5e-05 0.0314159752 0 1 2
57100.641944000003 4.5e-05 0.0280566655 0 1 2
57100.641989000003 4.5e-05 0.02414025272 0 1 2
57100.642033999997 4.5e-05 0.019988743 0 1 2
57100.642078999997 4.5e-05 0.01580377029 0 1 2
57100.642122999998 4.5e-05 0.01190932907 0 1 2
57100.642167999998 4.5e-05 0.008279220991 0 1 2
57100.642212999999 4.5e-05 0.005159098895 0 1 2
57100.642258 4.5e-05 0.002715855903 0 1 2
57100.642302 4.5e-05 0.001247448132 0 1 2
57100.642347000001 4.5e-05 0.0007609839159 0 1 2
57100.642392000002 4.5e-05 0.0007607769478 0 1 2
57100.642437000002 4.5e-05 0.0007605854072 0 1 2
57100.642481000003 4.5e-05 0.0007604070439 0 1 2
57100.642526000003 4.5e-05 0.0007602323666 0 1 2
57100.642570999997 4.5e-05 0.0007600649361 0 1 2
57100.642615999997 4.5e-05 0.0007599024638 0 1 2
57100.642659999998 4.5e-05 0.0007597453221 0 1 2
57100.642704999998 4.5e-05 0.0007595889811 0 1 2
57100.642749999999 4.5e-05 0.0007594438635 0 1 2
57100.642795 4.5e-05 0.0007593097106 0 1 2
57100.642839 4.5e-05 0.000759187495 0 0 2
57100.642884000001 4.5e-05 0.0007590784381 0 1 2
57100.642929000001 4.5e-05 0.0007589822067 0 1 2
57100.642974000002 4.5e-05 0.0007588957737 0 1 2
57100.643018000002 4.5e-05 0.0007588231431 0 1 2
57100.643063000003 4.5e-05 0.0007587633636 0 1 2
57100.643107999997 4.5e-05 0.0007587171599 0 1 2
57100.643152999997 4.5e-05 0.000758678583 0 1 2
57100.643196999998 4.5e-05 0.0007586474617 0 1 2
57100.643241999998 4.5e-05 0.0007586253862 0 1 2
57100.643286999999 4.5e-05 0.0007586151648 0 1 2
57100.643332 4.5e-05 0.0007586104274 0 1 2
57100.643376 4.5e-05 0.0007586134663 0 1 2
57100.643421000001 4.5e-05 0.0007586278801 0 1 2
57100.643466000001 4.5e-05 0.0007586502353 0 1 2
57100.643511000002 4.5e-05 0.0007586797719 0 1 2
57100.643555000002 4.5e-05 0.0007587185862 0 1 2
57100.643600000003 4.5e-05 0.0007587733591 0 1 2
57100.643644999996 4.5e-05 0.000758840992 0 1 2
57100.643689999997 4.5e-05 0.0007589194487 0 0 2
57100.643733999997 4.5e-05 0.0007590062917 0 1 2
57100.643778999998 4.5e-05 0.000759109765 0 0 2
57100.643823999999 4.5e-05 0.0007592270763 0 0 2
57100.643869 4.5e-05 0.0007593531719 0 1 2
57100.643913 4.5e-05 0.0007594890722 0 1 2
57100.643958000001 4.5e-05 0.0007596371071 0 0 2
57100.644003000001 4.5e-05 0.0007597858126 0 1 2
57100.644048000002 4.5e-05 0.000759938476 0 1 2
57100.644092000002 4.5e-05 0.0007600935842 0 1 2
57100.644137000003 4.5e-05 0.0007602595229 0 1 2
57100.644181999996 4.5e-05 0.000760434406 0 1 2
57100.644226999997 4.5e-05 0.0007606183644 0 1 2
57100.644270999997 4.5e-05 0.0008626945055 0 1 2
57100.644315999998 4.5e-05 0.001716699384 0 1 2
57100.644360999999 4.5e-05 0.003659939149 0 1 2
57100.644405999999 4.5e-05 0.00639917523 0 1 2
57100.64445 4.5e-05 0.009689530055 0 1 2
57100.644495 4.5e-05 0.01347916047 0 1 2
57100.644540000001 4.5e-05 0.01754903158 0 1 2
57100.644585000002 4.5e-05 0.02173183201 0 1 2
57100.644629000002 4.5e-05 0.02576386212 0 1 2
57100.644674000003 4.5e-05 0.02951999299 0 1 2
57100.644719000004 4.5e-05 0.03263576382 0 1 2
57100.644763999997 4.5e-05 0.0345907671 0 1 2
57100.644807999997 4.5e-05 0.03518989038 0 1 2
57100.644852999998 4.5e-05 0.03519033015 0 1 2
57100.644897999999 4.5e-05 0.03519069731 0 1 2
57100.644942999999 4.5e-05 0.03519107255 0 1 2
57100.644987 4.5e-05 0.0351915445 0 1 2
57100.645032 4.5e-05 0.03519199998 0 1 2
57100.645077000001 4.5e-05 0.03519236674 0 1 2
57100.645122000002 4.5e-05 0.03519272186 0 1 2
57100.645166000002 4.5e-05 0.03519316231 0 1 2
57100.645211000003 4.5e-05 0.0351936097 0 1 2
57100.645256000003 4.5e-05 0.03519402783 0 1 2
57100.645300999997 4.5e-05 0.03519453174 0 1 2
57100.645345999998 4.5e-05 0.03519501077 0 1 2
57100.645389999998 4.5e-05 0.03519545078 0 1 2
57100.645434999999 4.5e-05 0.03519593175 0 1 2
57100.645479999999 4.5e-05 0.03519645633 0 1 2
57100.645525 4.5e-05 0.03519700999 0 1 2
57100.645569 4.5e-05 0.03519754774 0 1 2
57100.645614000001 4.5e-05 0.0351981488 0 1 2
57100.645659000002 4.5e-05 0.0351987762 0 1 2
57100.645704000002 4.5e-05 0.03519930679 0 1 2
57100.645748000003 4.5e-05 0.03519978383 0 1 2
57100.645793000003 4.5e-05 0.03520033615 0 1 2
57100.645837999997 4.5e-05 0.03520089819 0 1 2
57100.645882999997 4.5e-05 0.03520142092 0 1 2
57100.645926999998 4.5e-05 0.03520203045 0 1 2
57100.645971999998 4.5e-05 0.03520271883 0 1 2
57100.646016999999 4.5e-05 0.03520335899 0 1 2
57100.646062 4.5e-05 0.03520402881 0 1 2
57100.646106 4.5e-05 0.03520470142 0 1 2
57100.646151000001 4.5e-05 0.03520531076 0 1 2
57100.646196000002 4.5e-05 0.03520582622 0 1 2
57100.646241000002 4.5e-05 0.03520644096 0 1 2
57100.646285000003 4.5e-05 0.03520718361 0 1 2
57100.646330000003 4.5e-05 0.03520792617 0 1 2
57100.646374999997 4.5e-05 0.03520860831 0 1 2
57100.646419999997 4.5e-05 0.03520929817 0 1 2
57100.646463999998 4.5e-05 0.03520996333 0 1 2
57100.646508999998 4.5e-05 0.03521055813 0 1 2
57100.646553999999 4.5e-05 0.03521112148 0 1 2
57100.646599 4.5e-05 0.03521174172 0 1 2
57100.646643 4.5e-05 0.03521248574 0 1 2
57100.646688000001 4.5e-05 0.03521327183 0 1 2
57100.646733000001 4.5e-05 0.03521381231 0 1 2
57100.646778000002 4.5e-05 0.0352144361 0 1 2
57100.646822000002 4.5e-05 0.03521539937 0 1 2
57100.646867000003 4.5e-05 0.03521661438 0 1 2
57100.646911999997 4.5e-05 0.03521800887 0 1 2
57100.646956999997 4.5e-05 0.03521935856 0 1 2
57100.647000999998 4.5e-05 0.03522056271 0 1 2
57100.647045999998 4.5e-05 0.03522162303 0 1 2
57100.647090999999 4.5e-05 0.03522247069 0 1 2
57100.647136 4.5e-05 0.03522315619 0 1 2
57100.64718 4.5e-05 0.03522363396 0 1 2
57100.647225000001 4.5e-05 0.03522395944 0 1 2
57100.647270000001 4.5e-05 0.03522433203 0 1 2
57100.647315000002 4.5e-05 0.03522500487 0 1 2
57100.647359000002 4.5e-05 0.03522580296 0 1 2
57100.647404000003 4.5e-05 0.03522671445 0 1 2
57100.647448999996 4.5e-05 0.03522781872 0 1 2
57100.647493999997 4.5e-05 0.03522897635 0 1 2
57100.647537999997 4.5e-05 0.03522998603 0 1 2
57100.647582999998 4.5e-05 0.03523085599 0 1 2
57100.647627999999 4.5e-05 0.03523165552 0 1 2
57100.647672999999 4.5e-05 0.0352325356 0 1 2
57100.647717 4.5e-05 0.03523356965 0 1 2
57100.647762000001 4.5e-05 0.03523462395 0 1 2
57100.647807000001 4.5e-05 0.03523553913 0 1 2
57100.647852000002 4.5e-05 0.03523635989 0 1 2
57100.647896000002 4.5e-05 0.03523711989 0 1 2
57100.647941000003 4.5e-05 0.03523785445 0 1 2
57100.647986000004 4.5e-05 0.03523861945 0 1 2
57100.648030999997 4.5e-05 0.03523963852 0 1 2
57100.648074999997 4.5e-05 0.0352410595 0 1 2
57100.648119999998 4.5e-05 0.03524266396 0 1 2
57100.648164999999 4.5e-05 0.03524420136 0 1 2
57100.648209999999 4.5e-05 0.03524575907 0 1 2
57100.648254 4.5e-05 0.03524719638 0 1 2
57100.648299 4.5e-05 0.03524844926 0 1 2
57100.648344000001 4.5e-05 0.03524959969 0 1 2
57100.648389000002 4.5e-05 0.03525078859 0 1 2
57100.648433000002 4.5e-05 0.03525184843 0 1 2
57100.648478000003 4.5e-05 0.03525272485 0 1 2
57100.648523000003 4.5e-05 0.035253419 0 1 2
57100.648567999997 4.5e-05 0.03525392694 0 1 2
57100.648611999997 4.5e-05 0.0352543845 0 1 2
57100.648656999998 4.5e-05 0.03525492197 0 1 2
57100.648701999999 4.5e-05 0.03525571676 0 1 2
57100.648746999999 4.5e-05 0.0352568432 0 1 2
57100.648791 4.5e-05 0.03525812052 0 1 2
57100.648836 4.5e-05 0.0352594353 0 1 2
57100.648881000001 4.5e-05 0.03526078498 0 1 2
57100.648926000002 4.5e-05 0.03526221237 0 1 2
57100.648970000002 4.5e-05 0.03526376075 0 1 2
57100.649015000003 4.5e-05 0.0352655219 0 1 2
57100.649060000003 4.5e-05 0.03526717495 0 1 2
57100.649104999997 4.5e-05 0.03526863847 0 1 2
57100.649148999997 4.5e-05 0.03526985626 0 1 2
57100.649193999998 4.5e-05 0.035270913 0 1 2
57100.649238999998 4.5e-05 0.03527186418 0 1 2
57100.649283999999 4.5e-05 0.03527285582 0 1 2
57100.649328 4.5e-05 0.03527403096 0 1 2
57100.649373 4.5e-05 0.0352753905 0 1 2
57100.649418000001 4.5e-05 0.03527683384 0 1 2
57100.649463000002 4.5e-05 0.03527821201 0 1 2
57100.649507000002 4.5e-05 0.03527954544 0 1 2
57100.649552000003 4.5e-05 0.03528090877 0 1 2
57100.649597000003 4.5e-05 0.0352822574 0 1 2
57100.649641999997 4.5e-05 0.03528369459 0 1 2
57100.649685999997 4.5e-05 0.03528511568 0 1 2
57100.649730999998 4.5e-05 0.03528650562 0 1 2
57100.649775999998 4.5e-05 0.03528771338 0 1 2
57100.649820999999 4.5e-05 0.03528872675 0 1 2
57100.649864999999 4.5e-05 0.03528956906 0 1 2
57100.64991 4.5e-05 0.03529044034 0 1 2
57100.649955000001 4.5e-05 0.03529155135 0 1 2
57100.650000000001 4.5e-05 0.03529295649 0 1 2
57100.650044000002 4.5e-05 0.03529455937 0 1 2
57100.650089000002 4.5e-05 0.03529626491 0 1 2
57100.650134000003 4.5e-05 0.03529790545 0 1 2
57100.650178999997 4.5e-05 0.03529949469 0 1 2
57100.650222999997 4.5e-05 0.03530105997 0 1 2
57100.650267999998 4.5e-05 0.03530278876 0 1 2
57100.650312999998 4.5e-05 0.03530447574 0 1 2
57100.650357999999 4.5e-05 0.03530588751 0 1 2
57100.650401999999 4.5e-05 0.03530707806 0 1 2
57100.650447 4.5e-05 0.03530837066 0 1 2
57100.650492000001 4.5e-05 0.03530975736 0 1 2
57100.650537000001 4.5e-05 0.03531099403 0 1 2
57100.650581000002 4.5e-05 0.03531212011 0 1 2
57100.650626000002 4.5e-05 0.03531356059 0 1 2
57100.650671000003 4.5e-05 0.0353154738 0 1 2
57100.650715999996 4.5e-05 0.03531749283 0 1 2
57100.650759999997 4.5e-05 0.03531926964 0 1 2
57100.650804999997 4.5e-05 0.03532092698 0 1 2
57100.650849999998 4.5e-05 0.03532239425 0 1 2
57100.650894999999 4.5e-05 0.03532371432 0 1 2
57100.65094 4.5e-05 0.03532518775 0 1 2
